C:\Users\manza\OneDrive\Documents\PHPMaker\WebSites\project2\.env
C:\Users\manza\OneDrive\Documents\PHPMaker\WebSites\project2\.env.dev.local
C:\Users\manza\OneDrive\Documents\PHPMaker\WebSites\project2\.env.prod.local
C:\Users\manza\OneDrive\Documents\PHPMaker\WebSites\project2\.htaccess
C:\Users\manza\OneDrive\Documents\PHPMaker\WebSites\project2\bin\console
C:\Users\manza\OneDrive\Documents\PHPMaker\WebSites\project2\composer.json
C:\Users\manza\OneDrive\Documents\PHPMaker\WebSites\project2\config\bundles.php
C:\Users\manza\OneDrive\Documents\PHPMaker\WebSites\project2\config\packages\cache.php
C:\Users\manza\OneDrive\Documents\PHPMaker\WebSites\project2\config\packages\csrf.php
C:\Users\manza\OneDrive\Documents\PHPMaker\WebSites\project2\config\packages\debug.php
C:\Users\manza\OneDrive\Documents\PHPMaker\WebSites\project2\config\packages\deprecations.php
C:\Users\manza\OneDrive\Documents\PHPMaker\WebSites\project2\config\packages\doctrine.php
C:\Users\manza\OneDrive\Documents\PHPMaker\WebSites\project2\config\packages\exercise_html_purifier.php
C:\Users\manza\OneDrive\Documents\PHPMaker\WebSites\project2\config\packages\flysystem.php
C:\Users\manza\OneDrive\Documents\PHPMaker\WebSites\project2\config\packages\framework.php
C:\Users\manza\OneDrive\Documents\PHPMaker\WebSites\project2\config\packages\lexik_jwt_authentication.php
C:\Users\manza\OneDrive\Documents\PHPMaker\WebSites\project2\config\packages\mailer.php
C:\Users\manza\OneDrive\Documents\PHPMaker\WebSites\project2\config\packages\monolog.php
C:\Users\manza\OneDrive\Documents\PHPMaker\WebSites\project2\config\packages\nelmio_cors.php
C:\Users\manza\OneDrive\Documents\PHPMaker\WebSites\project2\config\packages\routing.php
C:\Users\manza\OneDrive\Documents\PHPMaker\WebSites\project2\config\packages\security.php
C:\Users\manza\OneDrive\Documents\PHPMaker\WebSites\project2\config\packages\twig.php
C:\Users\manza\OneDrive\Documents\PHPMaker\WebSites\project2\config\packages\validator.php
C:\Users\manza\OneDrive\Documents\PHPMaker\WebSites\project2\config\routes\attributes.php
C:\Users\manza\OneDrive\Documents\PHPMaker\WebSites\project2\config\routes\framework.php
C:\Users\manza\OneDrive\Documents\PHPMaker\WebSites\project2\config\routes\hwi_oauth.php
C:\Users\manza\OneDrive\Documents\PHPMaker\WebSites\project2\config\routes\routes.php
C:\Users\manza\OneDrive\Documents\PHPMaker\WebSites\project2\config\routes\security.php
C:\Users\manza\OneDrive\Documents\PHPMaker\WebSites\project2\config\services.php
C:\Users\manza\OneDrive\Documents\PHPMaker\WebSites\project2\controllers\AccessoriesController.php
C:\Users\manza\OneDrive\Documents\PHPMaker\WebSites\project2\controllers\AdminsController.php
C:\Users\manza\OneDrive\Documents\PHPMaker\WebSites\project2\controllers\ApiController.php
C:\Users\manza\OneDrive\Documents\PHPMaker\WebSites\project2\controllers\AppController.php
C:\Users\manza\OneDrive\Documents\PHPMaker\WebSites\project2\controllers\BookingsController.php
C:\Users\manza\OneDrive\Documents\PHPMaker\WebSites\project2\controllers\CartController.php
C:\Users\manza\OneDrive\Documents\PHPMaker\WebSites\project2\controllers\JerseysController.php
C:\Users\manza\OneDrive\Documents\PHPMaker\WebSites\project2\controllers\OrderItemsController.php
C:\Users\manza\OneDrive\Documents\PHPMaker\WebSites\project2\controllers\OrdersController.php
C:\Users\manza\OneDrive\Documents\PHPMaker\WebSites\project2\controllers\RentRacketsController.php
C:\Users\manza\OneDrive\Documents\PHPMaker\WebSites\project2\controllers\UsersController.php
C:\Users\manza\OneDrive\Documents\PHPMaker\WebSites\project2\css\ewpdf.scss
C:\Users\manza\OneDrive\Documents\PHPMaker\WebSites\project2\css\project1.scss
C:\Users\manza\OneDrive\Documents\PHPMaker\WebSites\project2\css\query-builder.scss
C:\Users\manza\OneDrive\Documents\PHPMaker\WebSites\project2\css\tabulator_bootstrap5.scss
C:\Users\manza\OneDrive\Documents\PHPMaker\WebSites\project2\css\tempus-dominus.scss
C:\Users\manza\OneDrive\Documents\PHPMaker\WebSites\project2\index.php
C:\Users\manza\OneDrive\Documents\PHPMaker\WebSites\project2\js\clientscript.js
C:\Users\manza\OneDrive\Documents\PHPMaker\WebSites\project2\js\startupscript.js
C:\Users\manza\OneDrive\Documents\PHPMaker\WebSites\project2\js\userevent.js
C:\Users\manza\OneDrive\Documents\PHPMaker\WebSites\project2\js\userfn.js
C:\Users\manza\OneDrive\Documents\PHPMaker\WebSites\project2\models\Accessories.php
C:\Users\manza\OneDrive\Documents\PHPMaker\WebSites\project2\models\AccessoriesAdd.php
C:\Users\manza\OneDrive\Documents\PHPMaker\WebSites\project2\models\AccessoriesDelete.php
C:\Users\manza\OneDrive\Documents\PHPMaker\WebSites\project2\models\AccessoriesEdit.php
C:\Users\manza\OneDrive\Documents\PHPMaker\WebSites\project2\models\AccessoriesList.php
C:\Users\manza\OneDrive\Documents\PHPMaker\WebSites\project2\models\AccessoriesView.php
C:\Users\manza\OneDrive\Documents\PHPMaker\WebSites\project2\models\Admins.php
C:\Users\manza\OneDrive\Documents\PHPMaker\WebSites\project2\models\AdminsAdd.php
C:\Users\manza\OneDrive\Documents\PHPMaker\WebSites\project2\models\AdminsDelete.php
C:\Users\manza\OneDrive\Documents\PHPMaker\WebSites\project2\models\AdminsEdit.php
C:\Users\manza\OneDrive\Documents\PHPMaker\WebSites\project2\models\AdminsList.php
C:\Users\manza\OneDrive\Documents\PHPMaker\WebSites\project2\models\AdminsView.php
C:\Users\manza\OneDrive\Documents\PHPMaker\WebSites\project2\models\Bookings.php
C:\Users\manza\OneDrive\Documents\PHPMaker\WebSites\project2\models\BookingsAdd.php
C:\Users\manza\OneDrive\Documents\PHPMaker\WebSites\project2\models\BookingsDelete.php
C:\Users\manza\OneDrive\Documents\PHPMaker\WebSites\project2\models\BookingsEdit.php
C:\Users\manza\OneDrive\Documents\PHPMaker\WebSites\project2\models\BookingsList.php
C:\Users\manza\OneDrive\Documents\PHPMaker\WebSites\project2\models\BookingsView.php
C:\Users\manza\OneDrive\Documents\PHPMaker\WebSites\project2\models\Cart.php
C:\Users\manza\OneDrive\Documents\PHPMaker\WebSites\project2\models\CartAdd.php
C:\Users\manza\OneDrive\Documents\PHPMaker\WebSites\project2\models\CartDelete.php
C:\Users\manza\OneDrive\Documents\PHPMaker\WebSites\project2\models\CartEdit.php
C:\Users\manza\OneDrive\Documents\PHPMaker\WebSites\project2\models\CartList.php
C:\Users\manza\OneDrive\Documents\PHPMaker\WebSites\project2\models\CartView.php
C:\Users\manza\OneDrive\Documents\PHPMaker\WebSites\project2\models\Jerseys.php
C:\Users\manza\OneDrive\Documents\PHPMaker\WebSites\project2\models\JerseysAdd.php
C:\Users\manza\OneDrive\Documents\PHPMaker\WebSites\project2\models\JerseysDelete.php
C:\Users\manza\OneDrive\Documents\PHPMaker\WebSites\project2\models\JerseysEdit.php
C:\Users\manza\OneDrive\Documents\PHPMaker\WebSites\project2\models\JerseysList.php
C:\Users\manza\OneDrive\Documents\PHPMaker\WebSites\project2\models\JerseysView.php
C:\Users\manza\OneDrive\Documents\PHPMaker\WebSites\project2\models\OrderItems.php
C:\Users\manza\OneDrive\Documents\PHPMaker\WebSites\project2\models\OrderItemsAdd.php
C:\Users\manza\OneDrive\Documents\PHPMaker\WebSites\project2\models\OrderItemsDelete.php
C:\Users\manza\OneDrive\Documents\PHPMaker\WebSites\project2\models\OrderItemsEdit.php
C:\Users\manza\OneDrive\Documents\PHPMaker\WebSites\project2\models\OrderItemsList.php
C:\Users\manza\OneDrive\Documents\PHPMaker\WebSites\project2\models\OrderItemsView.php
C:\Users\manza\OneDrive\Documents\PHPMaker\WebSites\project2\models\Orders.php
C:\Users\manza\OneDrive\Documents\PHPMaker\WebSites\project2\models\OrdersAdd.php
C:\Users\manza\OneDrive\Documents\PHPMaker\WebSites\project2\models\OrdersDelete.php
C:\Users\manza\OneDrive\Documents\PHPMaker\WebSites\project2\models\OrdersEdit.php
C:\Users\manza\OneDrive\Documents\PHPMaker\WebSites\project2\models\OrdersList.php
C:\Users\manza\OneDrive\Documents\PHPMaker\WebSites\project2\models\OrdersView.php
C:\Users\manza\OneDrive\Documents\PHPMaker\WebSites\project2\models\RentRackets.php
C:\Users\manza\OneDrive\Documents\PHPMaker\WebSites\project2\models\RentRacketsAdd.php
C:\Users\manza\OneDrive\Documents\PHPMaker\WebSites\project2\models\RentRacketsDelete.php
C:\Users\manza\OneDrive\Documents\PHPMaker\WebSites\project2\models\RentRacketsEdit.php
C:\Users\manza\OneDrive\Documents\PHPMaker\WebSites\project2\models\RentRacketsList.php
C:\Users\manza\OneDrive\Documents\PHPMaker\WebSites\project2\models\RentRacketsView.php
C:\Users\manza\OneDrive\Documents\PHPMaker\WebSites\project2\models\Users.php
C:\Users\manza\OneDrive\Documents\PHPMaker\WebSites\project2\models\UsersAdd.php
C:\Users\manza\OneDrive\Documents\PHPMaker\WebSites\project2\models\UsersDelete.php
C:\Users\manza\OneDrive\Documents\PHPMaker\WebSites\project2\models\UsersEdit.php
C:\Users\manza\OneDrive\Documents\PHPMaker\WebSites\project2\models\UsersList.php
C:\Users\manza\OneDrive\Documents\PHPMaker\WebSites\project2\models\UsersView.php
C:\Users\manza\OneDrive\Documents\PHPMaker\WebSites\project2\package.json
C:\Users\manza\OneDrive\Documents\PHPMaker\WebSites\project2\src\AbstractCheckCredentialsListener.php
C:\Users\manza\OneDrive\Documents\PHPMaker\WebSites\project2\src\AbstractExport.php
C:\Users\manza\OneDrive\Documents\PHPMaker\WebSites\project2\src\AbstractPager.php
C:\Users\manza\OneDrive\Documents\PHPMaker\WebSites\project2\src\AbstractTwoFactorAuthentication.php
C:\Users\manza\OneDrive\Documents\PHPMaker\WebSites\project2\src\AccessControlRequestMatcher.php
C:\Users\manza\OneDrive\Documents\PHPMaker\WebSites\project2\src\AccessTokenExtractor.php
C:\Users\manza\OneDrive\Documents\PHPMaker\WebSites\project2\src\AccessTokenHandler.php
C:\Users\manza\OneDrive\Documents\PHPMaker\WebSites\project2\src\AccessTokenUser.php
C:\Users\manza\OneDrive\Documents\PHPMaker\WebSites\project2\src\AccessTokenUserProvider.php
C:\Users\manza\OneDrive\Documents\PHPMaker\WebSites\project2\src\ActionType.php
C:\Users\manza\OneDrive\Documents\PHPMaker\WebSites\project2\src\AdvancedFilter.php
C:\Users\manza\OneDrive\Documents\PHPMaker\WebSites\project2\src\AdvancedSearch.php
C:\Users\manza\OneDrive\Documents\PHPMaker\WebSites\project2\src\AdvancedSecurity.php
C:\Users\manza\OneDrive\Documents\PHPMaker\WebSites\project2\src\AdvancedUserInterface.php
C:\Users\manza\OneDrive\Documents\PHPMaker\WebSites\project2\src\AliasToClassPass.php
C:\Users\manza\OneDrive\Documents\PHPMaker\WebSites\project2\src\Allow.php
C:\Users\manza\OneDrive\Documents\PHPMaker\WebSites\project2\src\ApiEntityValueResolver.php
C:\Users\manza\OneDrive\Documents\PHPMaker\WebSites\project2\src\ApiPermissionVoter.php
C:\Users\manza\OneDrive\Documents\PHPMaker\WebSites\project2\src\AppEventSubscriber.php
C:\Users\manza\OneDrive\Documents\PHPMaker\WebSites\project2\src\AppServiceLocator.php
C:\Users\manza\OneDrive\Documents\PHPMaker\WebSites\project2\src\Attributes.php
C:\Users\manza\OneDrive\Documents\PHPMaker\WebSites\project2\src\AuditTrailHandler.php
C:\Users\manza\OneDrive\Documents\PHPMaker\WebSites\project2\src\AuthenticationEntryPoint.php
C:\Users\manza\OneDrive\Documents\PHPMaker\WebSites\project2\src\AuthenticationFailureHandler.php
C:\Users\manza\OneDrive\Documents\PHPMaker\WebSites\project2\src\AuthenticationSuccessHandler.php
C:\Users\manza\OneDrive\Documents\PHPMaker\WebSites\project2\src\BaseAbstractExport.php
C:\Users\manza\OneDrive\Documents\PHPMaker\WebSites\project2\src\BaseCaptcha.php
C:\Users\manza\OneDrive\Documents\PHPMaker\WebSites\project2\src\BaseController.php
C:\Users\manza\OneDrive\Documents\PHPMaker\WebSites\project2\src\BaseDbTable.php
C:\Users\manza\OneDrive\Documents\PHPMaker\WebSites\project2\src\BasicSearch.php
C:\Users\manza\OneDrive\Documents\PHPMaker\WebSites\project2\src\BodyParsingListener.php
C:\Users\manza\OneDrive\Documents\PHPMaker\WebSites\project2\src\BootstrapEventDispatcher.php
C:\Users\manza\OneDrive\Documents\PHPMaker\WebSites\project2\src\BootstrapPagerTemplate.php
C:\Users\manza\OneDrive\Documents\PHPMaker\WebSites\project2\src\BootstrapPagerView.php
C:\Users\manza\OneDrive\Documents\PHPMaker\WebSites\project2\src\Breadcrumb.php
C:\Users\manza\OneDrive\Documents\PHPMaker\WebSites\project2\src\BytesType.php
C:\Users\manza\OneDrive\Documents\PHPMaker\WebSites\project2\src\CaptchaInterface.php
C:\Users\manza\OneDrive\Documents\PHPMaker\WebSites\project2\src\ChartExporter.php
C:\Users\manza\OneDrive\Documents\PHPMaker\WebSites\project2\src\ChartJsRenderer.php
C:\Users\manza\OneDrive\Documents\PHPMaker\WebSites\project2\src\ChartRendererInterface.php
C:\Users\manza\OneDrive\Documents\PHPMaker\WebSites\project2\src\ChartService.php
C:\Users\manza\OneDrive\Documents\PHPMaker\WebSites\project2\src\ChartTypes.php
C:\Users\manza\OneDrive\Documents\PHPMaker\WebSites\project2\src\Command\ConvertLocalEnvToSecretsCommand.php
C:\Users\manza\OneDrive\Documents\PHPMaker\WebSites\project2\src\Command\RecipesCommand.php
C:\Users\manza\OneDrive\Documents\PHPMaker\WebSites\project2\src\Command\WarmupLanguageCacheCommand.php
C:\Users\manza\OneDrive\Documents\PHPMaker\WebSites\project2\src\ConfigurationEvent.php
C:\Users\manza\OneDrive\Documents\PHPMaker\WebSites\project2\src\ConnectionDriverMiddleware.php
C:\Users\manza\OneDrive\Documents\PHPMaker\WebSites\project2\src\ConnectionMiddleware.php
C:\Users\manza\OneDrive\Documents\PHPMaker\WebSites\project2\src\CrosstabColumn.php
C:\Users\manza\OneDrive\Documents\PHPMaker\WebSites\project2\src\CrosstabTable.php
C:\Users\manza\OneDrive\Documents\PHPMaker\WebSites\project2\src\CspListener.php
C:\Users\manza\OneDrive\Documents\PHPMaker\WebSites\project2\src\CsrfListener.php
C:\Users\manza\OneDrive\Documents\PHPMaker\WebSites\project2\src\CustomChromePHPHandler.php
C:\Users\manza\OneDrive\Documents\PHPMaker\WebSites\project2\src\CustomEntityRepository.php
C:\Users\manza\OneDrive\Documents\PHPMaker\WebSites\project2\src\CustomEntityValueResolver.php
C:\Users\manza\OneDrive\Documents\PHPMaker\WebSites\project2\src\CustomLdapWrapper.php
C:\Users\manza\OneDrive\Documents\PHPMaker\WebSites\project2\src\CustomUploadHandler.php
C:\Users\manza\OneDrive\Documents\PHPMaker\WebSites\project2\src\DataType.php
C:\Users\manza\OneDrive\Documents\PHPMaker\WebSites\project2\src\DatabaseConnectedEvent.php
C:\Users\manza\OneDrive\Documents\PHPMaker\WebSites\project2\src\DatabaseConnectingEvent.php
C:\Users\manza\OneDrive\Documents\PHPMaker\WebSites\project2\src\DatePointType.php
C:\Users\manza\OneDrive\Documents\PHPMaker\WebSites\project2\src\DbChart.php
C:\Users\manza\OneDrive\Documents\PHPMaker\WebSites\project2\src\DbField.php
C:\Users\manza\OneDrive\Documents\PHPMaker\WebSites\project2\src\DbFields.php
C:\Users\manza\OneDrive\Documents\PHPMaker\WebSites\project2\src\DbTable.php
C:\Users\manza\OneDrive\Documents\PHPMaker\WebSites\project2\src\Db\Entity\Accessory.php
C:\Users\manza\OneDrive\Documents\PHPMaker\WebSites\project2\src\Db\Entity\Admin.php
C:\Users\manza\OneDrive\Documents\PHPMaker\WebSites\project2\src\Db\Entity\Booking.php
C:\Users\manza\OneDrive\Documents\PHPMaker\WebSites\project2\src\Db\Entity\Cart.php
C:\Users\manza\OneDrive\Documents\PHPMaker\WebSites\project2\src\Db\Entity\Jersey.php
C:\Users\manza\OneDrive\Documents\PHPMaker\WebSites\project2\src\Db\Entity\Order.php
C:\Users\manza\OneDrive\Documents\PHPMaker\WebSites\project2\src\Db\Entity\OrderItem.php
C:\Users\manza\OneDrive\Documents\PHPMaker\WebSites\project2\src\Db\Entity\RentRacket.php
C:\Users\manza\OneDrive\Documents\PHPMaker\WebSites\project2\src\Db\Entity\User.php
C:\Users\manza\OneDrive\Documents\PHPMaker\WebSites\project2\src\DebugStack.php
C:\Users\manza\OneDrive\Documents\PHPMaker\WebSites\project2\src\DefaultSequenceGenerator.php
C:\Users\manza\OneDrive\Documents\PHPMaker\WebSites\project2\src\DynamicPublicUrlGenerator.php
C:\Users\manza\OneDrive\Documents\PHPMaker\WebSites\project2\src\Email.php
C:\Users\manza\OneDrive\Documents\PHPMaker\WebSites\project2\src\EmailNotification.php
C:\Users\manza\OneDrive\Documents\PHPMaker\WebSites\project2\src\EmailTwoFactorAuthentication.php
C:\Users\manza\OneDrive\Documents\PHPMaker\WebSites\project2\src\Entity.php
C:\Users\manza\OneDrive\Documents\PHPMaker\WebSites\project2\src\EntityCollectionResolver.php
C:\Users\manza\OneDrive\Documents\PHPMaker\WebSites\project2\src\EntityDescriptor.php
C:\Users\manza\OneDrive\Documents\PHPMaker\WebSites\project2\src\EsmtpTransportFactoryDecorator.php
C:\Users\manza\OneDrive\Documents\PHPMaker\WebSites\project2\src\EventListener\AccessDeniedListener.php
C:\Users\manza\OneDrive\Documents\PHPMaker\WebSites\project2\src\EventListener\CascadeUpdateDeleteListener.php
C:\Users\manza\OneDrive\Documents\PHPMaker\WebSites\project2\src\EventListener\DoctrineEventListener.php
C:\Users\manza\OneDrive\Documents\PHPMaker\WebSites\project2\src\EventListener\JwtListener.php
C:\Users\manza\OneDrive\Documents\PHPMaker\WebSites\project2\src\EventSubscriber\ApiExceptionSubscriber.php
C:\Users\manza\OneDrive\Documents\PHPMaker\WebSites\project2\src\EventSubscriber\AuditTrailFailureSubscriber.php
C:\Users\manza\OneDrive\Documents\PHPMaker\WebSites\project2\src\ExportCsv.php
C:\Users\manza\OneDrive\Documents\PHPMaker\WebSites\project2\src\ExportEmail.php
C:\Users\manza\OneDrive\Documents\PHPMaker\WebSites\project2\src\ExportExcel.php
C:\Users\manza\OneDrive\Documents\PHPMaker\WebSites\project2\src\ExportHandler.php
C:\Users\manza\OneDrive\Documents\PHPMaker\WebSites\project2\src\ExportHtml.php
C:\Users\manza\OneDrive\Documents\PHPMaker\WebSites\project2\src\ExportJson.php
C:\Users\manza\OneDrive\Documents\PHPMaker\WebSites\project2\src\ExportPdf.php
C:\Users\manza\OneDrive\Documents\PHPMaker\WebSites\project2\src\ExportWord.php
C:\Users\manza\OneDrive\Documents\PHPMaker\WebSites\project2\src\ExportXml.php
C:\Users\manza\OneDrive\Documents\PHPMaker\WebSites\project2\src\FieldFactory.php
C:\Users\manza\OneDrive\Documents\PHPMaker\WebSites\project2\src\FileUploadHandler.php
C:\Users\manza\OneDrive\Documents\PHPMaker\WebSites\project2\src\FileViewer.php
C:\Users\manza\OneDrive\Documents\PHPMaker\WebSites\project2\src\ForceLogoutUserAction.php
C:\Users\manza\OneDrive\Documents\PHPMaker\WebSites\project2\src\FormLogin1faAuthenticator.php
C:\Users\manza\OneDrive\Documents\PHPMaker\WebSites\project2\src\FormLogin2faAuthenticator.php
C:\Users\manza\OneDrive\Documents\PHPMaker\WebSites\project2\src\FormTrait.php
C:\Users\manza\OneDrive\Documents\PHPMaker\WebSites\project2\src\GeographyType.php
C:\Users\manza\OneDrive\Documents\PHPMaker\WebSites\project2\src\GeometryType.php
C:\Users\manza\OneDrive\Documents\PHPMaker\WebSites\project2\src\HierarchyIdType.php
C:\Users\manza\OneDrive\Documents\PHPMaker\WebSites\project2\src\HttpContext.php
C:\Users\manza\OneDrive\Documents\PHPMaker\WebSites\project2\src\HttpUpload.php
C:\Users\manza\OneDrive\Documents\PHPMaker\WebSites\project2\src\ImageManager.php
C:\Users\manza\OneDrive\Documents\PHPMaker\WebSites\project2\src\JwtRefresher.php
C:\Users\manza\OneDrive\Documents\PHPMaker\WebSites\project2\src\Kernel.php
C:\Users\manza\OneDrive\Documents\PHPMaker\WebSites\project2\src\Language.php
C:\Users\manza\OneDrive\Documents\PHPMaker\WebSites\project2\src\LanguageCacheWarmer.php
C:\Users\manza\OneDrive\Documents\PHPMaker\WebSites\project2\src\LanguageLoadEvent.php
C:\Users\manza\OneDrive\Documents\PHPMaker\WebSites\project2\src\LegacyPasswordHasher.php
C:\Users\manza\OneDrive\Documents\PHPMaker\WebSites\project2\src\LinkProviderFactory.php
C:\Users\manza\OneDrive\Documents\PHPMaker\WebSites\project2\src\ListAction.php
C:\Users\manza\OneDrive\Documents\PHPMaker\WebSites\project2\src\ListActions.php
C:\Users\manza\OneDrive\Documents\PHPMaker\WebSites\project2\src\ListOption.php
C:\Users\manza\OneDrive\Documents\PHPMaker\WebSites\project2\src\ListOptions.php
C:\Users\manza\OneDrive\Documents\PHPMaker\WebSites\project2\src\ListOptionsCollection.php
C:\Users\manza\OneDrive\Documents\PHPMaker\WebSites\project2\src\LoadClassMetadataEvent.php
C:\Users\manza\OneDrive\Documents\PHPMaker\WebSites\project2\src\LoggingAuthenticatorManager.php
C:\Users\manza\OneDrive\Documents\PHPMaker\WebSites\project2\src\LoginListener.php
C:\Users\manza\OneDrive\Documents\PHPMaker\WebSites\project2\src\LoginStatusEvent.php
C:\Users\manza\OneDrive\Documents\PHPMaker\WebSites\project2\src\Lookup.php
C:\Users\manza\OneDrive\Documents\PHPMaker\WebSites\project2\src\LookupTableInterface.php
C:\Users\manza\OneDrive\Documents\PHPMaker\WebSites\project2\src\MaintenanceListener.php
C:\Users\manza\OneDrive\Documents\PHPMaker\WebSites\project2\src\Menu.php
C:\Users\manza\OneDrive\Documents\PHPMaker\WebSites\project2\src\MenuItem.php
C:\Users\manza\OneDrive\Documents\PHPMaker\WebSites\project2\src\MenuItemAddingEvent.php
C:\Users\manza\OneDrive\Documents\PHPMaker\WebSites\project2\src\MenuRenderedEvent.php
C:\Users\manza\OneDrive\Documents\PHPMaker\WebSites\project2\src\MenuRenderingEvent.php
C:\Users\manza\OneDrive\Documents\PHPMaker\WebSites\project2\src\MessagesTrait.php
C:\Users\manza\OneDrive\Documents\PHPMaker\WebSites\project2\src\OAuthUser.php
C:\Users\manza\OneDrive\Documents\PHPMaker\WebSites\project2\src\OAuthUserProvider.php
C:\Users\manza\OneDrive\Documents\PHPMaker\WebSites\project2\src\OnFlushEvent.php
C:\Users\manza\OneDrive\Documents\PHPMaker\WebSites\project2\src\OptionValues.php
C:\Users\manza\OneDrive\Documents\PHPMaker\WebSites\project2\src\OriginalEntitiesResolver.php
C:\Users\manza\OneDrive\Documents\PHPMaker\WebSites\project2\src\PageEntityValueResolver.php
C:\Users\manza\OneDrive\Documents\PHPMaker\WebSites\project2\src\PageInterface.php
C:\Users\manza\OneDrive\Documents\PHPMaker\WebSites\project2\src\PageLoadingEvent.php
C:\Users\manza\OneDrive\Documents\PHPMaker\WebSites\project2\src\PageRenderingEvent.php
C:\Users\manza\OneDrive\Documents\PHPMaker\WebSites\project2\src\PageUnloadedEvent.php
C:\Users\manza\OneDrive\Documents\PHPMaker\WebSites\project2\src\Pager.php
C:\Users\manza\OneDrive\Documents\PHPMaker\WebSites\project2\src\ParsedMessage.php
C:\Users\manza\OneDrive\Documents\PHPMaker\WebSites\project2\src\PermissionVoter.php
C:\Users\manza\OneDrive\Documents\PHPMaker\WebSites\project2\src\PhpEncryption.php
C:\Users\manza\OneDrive\Documents\PHPMaker\WebSites\project2\src\PhpMailerTransport.php
C:\Users\manza\OneDrive\Documents\PHPMaker\WebSites\project2\src\PhpMailerTransportFactory.php
C:\Users\manza\OneDrive\Documents\PHPMaker\WebSites\project2\src\PhpRenderer.php
C:\Users\manza\OneDrive\Documents\PHPMaker\WebSites\project2\src\PostFlushEvent.php
C:\Users\manza\OneDrive\Documents\PHPMaker\WebSites\project2\src\PostLoadEvent.php
C:\Users\manza\OneDrive\Documents\PHPMaker\WebSites\project2\src\PostgresDateTimeTzType.php
C:\Users\manza\OneDrive\Documents\PHPMaker\WebSites\project2\src\PragmaRxTwoFactorAuthentication.php
C:\Users\manza\OneDrive\Documents\PHPMaker\WebSites\project2\src\PreFlushEvent.php
C:\Users\manza\OneDrive\Documents\PHPMaker\WebSites\project2\src\PsrResponseValueResolver.php
C:\Users\manza\OneDrive\Documents\PHPMaker\WebSites\project2\src\PushNotification.php
C:\Users\manza\OneDrive\Documents\PHPMaker\WebSites\project2\src\QueryStringBuilder.php
C:\Users\manza\OneDrive\Documents\PHPMaker\WebSites\project2\src\RegisterModelLocatorPass.php
C:\Users\manza\OneDrive\Documents\PHPMaker\WebSites\project2\src\RememberMeTokenProvider.php
C:\Users\manza\OneDrive\Documents\PHPMaker\WebSites\project2\src\ReportField.php
C:\Users\manza\OneDrive\Documents\PHPMaker\WebSites\project2\src\ReportSummary.php
C:\Users\manza\OneDrive\Documents\PHPMaker\WebSites\project2\src\ReportTable.php
C:\Users\manza\OneDrive\Documents\PHPMaker\WebSites\project2\src\ResendRegisterEmailAction.php
C:\Users\manza\OneDrive\Documents\PHPMaker\WebSites\project2\src\ResetConcurrentUserAction.php
C:\Users\manza\OneDrive\Documents\PHPMaker\WebSites\project2\src\ResetLoginAttemptsAction.php
C:\Users\manza\OneDrive\Documents\PHPMaker\WebSites\project2\src\ResetUserSecretAction.php
C:\Users\manza\OneDrive\Documents\PHPMaker\WebSites\project2\src\ResultSetMappingBuilder.php
C:\Users\manza\OneDrive\Documents\PHPMaker\WebSites\project2\src\RouteArgs.php
C:\Users\manza\OneDrive\Documents\PHPMaker\WebSites\project2\src\RouteArgsValueResolver.php
C:\Users\manza\OneDrive\Documents\PHPMaker\WebSites\project2\src\RouteConfigurationEvent.php
C:\Users\manza\OneDrive\Documents\PHPMaker\WebSites\project2\src\RowDeleteFailedEvent.php
C:\Users\manza\OneDrive\Documents\PHPMaker\WebSites\project2\src\RowDeletedEvent.php
C:\Users\manza\OneDrive\Documents\PHPMaker\WebSites\project2\src\RowDeletingEvent.php
C:\Users\manza\OneDrive\Documents\PHPMaker\WebSites\project2\src\RowInsertFailedEvent.php
C:\Users\manza\OneDrive\Documents\PHPMaker\WebSites\project2\src\RowInsertedEvent.php
C:\Users\manza\OneDrive\Documents\PHPMaker\WebSites\project2\src\RowInsertingEvent.php
C:\Users\manza\OneDrive\Documents\PHPMaker\WebSites\project2\src\RowSummary.php
C:\Users\manza\OneDrive\Documents\PHPMaker\WebSites\project2\src\RowTotal.php
C:\Users\manza\OneDrive\Documents\PHPMaker\WebSites\project2\src\RowType.php
C:\Users\manza\OneDrive\Documents\PHPMaker\WebSites\project2\src\RowUpdateFailedEvent.php
C:\Users\manza\OneDrive\Documents\PHPMaker\WebSites\project2\src\RowUpdatedEvent.php
C:\Users\manza\OneDrive\Documents\PHPMaker\WebSites\project2\src\RowUpdatingEvent.php
C:\Users\manza\OneDrive\Documents\PHPMaker\WebSites\project2\src\RuntimeLinkProvider.php
C:\Users\manza\OneDrive\Documents\PHPMaker\WebSites\project2\src\SafeEntityNormalizer.php
C:\Users\manza\OneDrive\Documents\PHPMaker\WebSites\project2\src\Saml2.php
C:\Users\manza\OneDrive\Documents\PHPMaker\WebSites\project2\src\SendLoginLinkAction.php
C:\Users\manza\OneDrive\Documents\PHPMaker\WebSites\project2\src\SendOneTimePasswordInterface.php
C:\Users\manza\OneDrive\Documents\PHPMaker\WebSites\project2\src\ServicesConfigurationEvent.php
C:\Users\manza\OneDrive\Documents\PHPMaker\WebSites\project2\src\SetPasswordExpiredAction.php
C:\Users\manza\OneDrive\Documents\PHPMaker\WebSites\project2\src\SmallDateTimeType.php
C:\Users\manza\OneDrive\Documents\PHPMaker\WebSites\project2\src\SmsTwoFactorAuthentication.php
C:\Users\manza\OneDrive\Documents\PHPMaker\WebSites\project2\src\SqlServerDateTimeOffsetType.php
C:\Users\manza\OneDrive\Documents\PHPMaker\WebSites\project2\src\SqlServerDateTimeType.php
C:\Users\manza\OneDrive\Documents\PHPMaker\WebSites\project2\src\SqlServerTimeType.php
C:\Users\manza\OneDrive\Documents\PHPMaker\WebSites\project2\src\SsoStateSessionStore.php
C:\Users\manza\OneDrive\Documents\PHPMaker\WebSites\project2\src\SubPage.php
C:\Users\manza\OneDrive\Documents\PHPMaker\WebSites\project2\src\SubPages.php
C:\Users\manza\OneDrive\Documents\PHPMaker\WebSites\project2\src\SummaryField.php
C:\Users\manza\OneDrive\Documents\PHPMaker\WebSites\project2\src\SwitchUserAction.php
C:\Users\manza\OneDrive\Documents\PHPMaker\WebSites\project2\src\SwitchUserVoter.php
C:\Users\manza\OneDrive\Documents\PHPMaker\WebSites\project2\src\SysAdminUser.php
C:\Users\manza\OneDrive\Documents\PHPMaker\WebSites\project2\src\TwigExtension.php
C:\Users\manza\OneDrive\Documents\PHPMaker\WebSites\project2\src\TwoFactorAuthenticatedToken.php
C:\Users\manza\OneDrive\Documents\PHPMaker\WebSites\project2\src\TwoFactorAuthenticatingToken.php
C:\Users\manza\OneDrive\Documents\PHPMaker\WebSites\project2\src\TwoFactorAuthenticationInterface.php
C:\Users\manza\OneDrive\Documents\PHPMaker\WebSites\project2\src\UploadHandler.php
C:\Users\manza\OneDrive\Documents\PHPMaker\WebSites\project2\src\UserChecker.php
C:\Users\manza\OneDrive\Documents\PHPMaker\WebSites\project2\src\UserProfile.php
C:\Users\manza\OneDrive\Documents\PHPMaker\WebSites\project2\src\UserProfileFactory.php
C:\Users\manza\OneDrive\Documents\PHPMaker\WebSites\project2\src\UserRepository.php
C:\Users\manza\OneDrive\Documents\PHPMaker\WebSites\project2\src\UuidGenerator.php
C:\Users\manza\OneDrive\Documents\PHPMaker\WebSites\project2\src\WindowsUser.php
C:\Users\manza\OneDrive\Documents\PHPMaker\WebSites\project2\src\WindowsUserProvider.php
C:\Users\manza\OneDrive\Documents\PHPMaker\WebSites\project2\src\XmlDocument.php
C:\Users\manza\OneDrive\Documents\PHPMaker\WebSites\project2\src\config.php
C:\Users\manza\OneDrive\Documents\PHPMaker\WebSites\project2\src\constants.php
C:\Users\manza\OneDrive\Documents\PHPMaker\WebSites\project2\src\phpfn.php
C:\Users\manza\OneDrive\Documents\PHPMaker\WebSites\project2\src\security.php
C:\Users\manza\OneDrive\Documents\PHPMaker\WebSites\project2\src\userfn.php
C:\Users\manza\OneDrive\Documents\PHPMaker\WebSites\project2\src\userlevelsettings.php
C:\Users\manza\OneDrive\Documents\PHPMaker\WebSites\project2\templates\bundles\TwigBundle\Exception\error.html.twig
C:\Users\manza\OneDrive\Documents\PHPMaker\WebSites\project2\templates\maintenance.html.twig
C:\Users\manza\OneDrive\Documents\PHPMaker\WebSites\project2\views\AccessoriesAdd.php
C:\Users\manza\OneDrive\Documents\PHPMaker\WebSites\project2\views\AccessoriesDelete.php
C:\Users\manza\OneDrive\Documents\PHPMaker\WebSites\project2\views\AccessoriesEdit.php
C:\Users\manza\OneDrive\Documents\PHPMaker\WebSites\project2\views\AccessoriesList.php
C:\Users\manza\OneDrive\Documents\PHPMaker\WebSites\project2\views\AccessoriesView.php
C:\Users\manza\OneDrive\Documents\PHPMaker\WebSites\project2\views\AdminsAdd.php
C:\Users\manza\OneDrive\Documents\PHPMaker\WebSites\project2\views\AdminsDelete.php
C:\Users\manza\OneDrive\Documents\PHPMaker\WebSites\project2\views\AdminsEdit.php
C:\Users\manza\OneDrive\Documents\PHPMaker\WebSites\project2\views\AdminsList.php
C:\Users\manza\OneDrive\Documents\PHPMaker\WebSites\project2\views\AdminsView.php
C:\Users\manza\OneDrive\Documents\PHPMaker\WebSites\project2\views\BookingsAdd.php
C:\Users\manza\OneDrive\Documents\PHPMaker\WebSites\project2\views\BookingsDelete.php
C:\Users\manza\OneDrive\Documents\PHPMaker\WebSites\project2\views\BookingsEdit.php
C:\Users\manza\OneDrive\Documents\PHPMaker\WebSites\project2\views\BookingsList.php
C:\Users\manza\OneDrive\Documents\PHPMaker\WebSites\project2\views\BookingsView.php
C:\Users\manza\OneDrive\Documents\PHPMaker\WebSites\project2\views\CartAdd.php
C:\Users\manza\OneDrive\Documents\PHPMaker\WebSites\project2\views\CartDelete.php
C:\Users\manza\OneDrive\Documents\PHPMaker\WebSites\project2\views\CartEdit.php
C:\Users\manza\OneDrive\Documents\PHPMaker\WebSites\project2\views\CartList.php
C:\Users\manza\OneDrive\Documents\PHPMaker\WebSites\project2\views\CartView.php
C:\Users\manza\OneDrive\Documents\PHPMaker\WebSites\project2\views\JerseysAdd.php
C:\Users\manza\OneDrive\Documents\PHPMaker\WebSites\project2\views\JerseysDelete.php
C:\Users\manza\OneDrive\Documents\PHPMaker\WebSites\project2\views\JerseysEdit.php
C:\Users\manza\OneDrive\Documents\PHPMaker\WebSites\project2\views\JerseysList.php
C:\Users\manza\OneDrive\Documents\PHPMaker\WebSites\project2\views\JerseysView.php
C:\Users\manza\OneDrive\Documents\PHPMaker\WebSites\project2\views\OrderItemsAdd.php
C:\Users\manza\OneDrive\Documents\PHPMaker\WebSites\project2\views\OrderItemsDelete.php
C:\Users\manza\OneDrive\Documents\PHPMaker\WebSites\project2\views\OrderItemsEdit.php
C:\Users\manza\OneDrive\Documents\PHPMaker\WebSites\project2\views\OrderItemsList.php
C:\Users\manza\OneDrive\Documents\PHPMaker\WebSites\project2\views\OrderItemsView.php
C:\Users\manza\OneDrive\Documents\PHPMaker\WebSites\project2\views\OrdersAdd.php
C:\Users\manza\OneDrive\Documents\PHPMaker\WebSites\project2\views\OrdersDelete.php
C:\Users\manza\OneDrive\Documents\PHPMaker\WebSites\project2\views\OrdersEdit.php
C:\Users\manza\OneDrive\Documents\PHPMaker\WebSites\project2\views\OrdersList.php
C:\Users\manza\OneDrive\Documents\PHPMaker\WebSites\project2\views\OrdersView.php
C:\Users\manza\OneDrive\Documents\PHPMaker\WebSites\project2\views\RentRacketsAdd.php
C:\Users\manza\OneDrive\Documents\PHPMaker\WebSites\project2\views\RentRacketsDelete.php
C:\Users\manza\OneDrive\Documents\PHPMaker\WebSites\project2\views\RentRacketsEdit.php
C:\Users\manza\OneDrive\Documents\PHPMaker\WebSites\project2\views\RentRacketsList.php
C:\Users\manza\OneDrive\Documents\PHPMaker\WebSites\project2\views\RentRacketsView.php
C:\Users\manza\OneDrive\Documents\PHPMaker\WebSites\project2\views\UsersAdd.php
C:\Users\manza\OneDrive\Documents\PHPMaker\WebSites\project2\views\UsersDelete.php
C:\Users\manza\OneDrive\Documents\PHPMaker\WebSites\project2\views\UsersEdit.php
C:\Users\manza\OneDrive\Documents\PHPMaker\WebSites\project2\views\UsersList.php
C:\Users\manza\OneDrive\Documents\PHPMaker\WebSites\project2\views\UsersView.php
C:\Users\manza\OneDrive\Documents\PHPMaker\WebSites\project2\views\email.php
C:\Users\manza\OneDrive\Documents\PHPMaker\WebSites\project2\views\layout.php
C:\Users\manza\OneDrive\Documents\PHPMaker\WebSites\project2\views\menu.php
C:\Users\manza\OneDrive\Documents\PHPMaker\WebSites\project2\web.config